<?xml version="1.0" encoding="utf-8" ?>
<!DOCTYPE html PUBLIC "-//W3C//DTD XHTML 1.0 Strict//EN"
        "http://www.w3.org/TR/xhtml1/DTD/xhtml1-strict.dtd">
<html xmlns="http://www.w3.org/1999/xhtml" xml:lang="" lang="">
<head>
  <title>Test Results Report - TestENV_SearchPerUserInParallel</title>
  <meta http-equiv="Content-Type" content="text/html;charset=utf-8" />
  <meta name="description" content="TestNG unit test results." />
  <link href="reportng.css" rel="stylesheet" type="text/css" />
    <script type="text/javascript" src="reportng.js"></script>
</head>
<body>
<h1>TestENV_SearchPerUserInParallel</h1>
<p>
  Test duration: 0.222s
</p>

  <table class="resultsTable configTable">
    <tr><th colspan="3" class="header failedConfig">Failed Configuration</th></tr>
              <tr class="group">
        <td colspan="3">test.functionaltests.TestSearchPerUserInParallel</td>
      </tr>
            
<tr>
  <td class="method">
                  afterMethod
      </td>
  <td class="duration">
    0.020s
  </td>
  <td class="result">
        
          <i>Method arguments: </i><span class="arguments">org.testng.TestRunner@14acd7, [TestResult name=validateAllSearches status=FAILURE method=TestSearchPerUserInParallel.validateAllSearches(java.util.Hashtable, org.testng.ITestContext, java.lang.reflect.Method)[pri:0, instance:test.functionaltests.TestSearchPerUserInParallel@6db9f5a4] output={null}], public void test.functionaltests.TestSearchPerUserInParallel.validateAllSearches(java.util.Hashtable,org.testng.ITestContext,java.lang.reflect.Method) throws java.lang.Exception</span><br />
    
        

        <a href="javascript:toggleElement('exception-0', 'block')" title="Click to expand/collapse"><b>java.lang.Error: Unresolved compilation problem: <br/>
	TestTemplate cannot be resolved<br/>
</b></a><br />
    <div class="stackTrace" id="exception-0">
              com.testreport.ExtentReporter.takeScreenShot(ExtentReporter.java:296)<br />
              com.testreport.ExtentReporter.logFailure(ExtentReporter.java:165)<br />
              aut.pages.templates.PageTemplate.logout(PageTemplate.java:175)<br />
              test.templates.TestTemplate.afterMethod(TestTemplate.java:178)<br />
              java.base/jdk.internal.reflect.NativeMethodAccessorImpl.invoke0(Native Method)<br />
              java.base/jdk.internal.reflect.NativeMethodAccessorImpl.invoke(NativeMethodAccessorImpl.java:64)<br />
              java.base/jdk.internal.reflect.DelegatingMethodAccessorImpl.invoke(DelegatingMethodAccessorImpl.java:43)<br />
              java.base/java.lang.reflect.Method.invoke(Method.java:564)<br />
              org.testng.internal.MethodInvocationHelper.invokeMethod(MethodInvocationHelper.java:108)<br />
              org.testng.internal.Invoker.invokeConfigurationMethod(Invoker.java:523)<br />
              org.testng.internal.Invoker.invokeConfigurations(Invoker.java:224)<br />
              org.testng.internal.Invoker.invokeMethod(Invoker.java:723)<br />
              org.testng.internal.Invoker.invokeTestMethod(Invoker.java:869)<br />
              org.testng.internal.TestMethodWithDataProviderMethodWorker.call(TestMethodWithDataProviderMethodWorker.java:75)<br />
              org.testng.internal.TestMethodWithDataProviderMethodWorker.call(TestMethodWithDataProviderMethodWorker.java:14)<br />
              java.base/java.util.concurrent.FutureTask.run(FutureTask.java:264)<br />
              java.base/java.util.concurrent.Executors$RunnableAdapter.call(Executors.java:515)<br />
              java.base/java.util.concurrent.FutureTask.run(FutureTask.java:264)<br />
              java.base/java.util.concurrent.ThreadPoolExecutor.runWorker(ThreadPoolExecutor.java:1130)<br />
              java.base/java.util.concurrent.ThreadPoolExecutor$Worker.run(ThreadPoolExecutor.java:630)<br />
              java.base/java.lang.Thread.run(Thread.java:832)<br />
                </div>
      </td>
</tr>
<tr>
  <td class="method">
                  afterMethod
      </td>
  <td class="duration">
    0.028s
  </td>
  <td class="result">
        
          <i>Method arguments: </i><span class="arguments">org.testng.TestRunner@14acd7, [TestResult name=validateAllSearches status=FAILURE method=TestSearchPerUserInParallel.validateAllSearches(java.util.Hashtable, org.testng.ITestContext, java.lang.reflect.Method)[pri:0, instance:test.functionaltests.TestSearchPerUserInParallel@6db9f5a4] output={null}], public void test.functionaltests.TestSearchPerUserInParallel.validateAllSearches(java.util.Hashtable,org.testng.ITestContext,java.lang.reflect.Method) throws java.lang.Exception</span><br />
    
        

        <a href="javascript:toggleElement('exception-1', 'block')" title="Click to expand/collapse"><b>java.lang.Error: Unresolved compilation problem: <br/>
	TestTemplate cannot be resolved<br/>
</b></a><br />
    <div class="stackTrace" id="exception-1">
              com.testreport.ExtentReporter.takeScreenShot(ExtentReporter.java:296)<br />
              com.testreport.ExtentReporter.logFailure(ExtentReporter.java:165)<br />
              aut.pages.templates.PageTemplate.logout(PageTemplate.java:175)<br />
              test.templates.TestTemplate.afterMethod(TestTemplate.java:178)<br />
              java.base/jdk.internal.reflect.NativeMethodAccessorImpl.invoke0(Native Method)<br />
              java.base/jdk.internal.reflect.NativeMethodAccessorImpl.invoke(NativeMethodAccessorImpl.java:64)<br />
              java.base/jdk.internal.reflect.DelegatingMethodAccessorImpl.invoke(DelegatingMethodAccessorImpl.java:43)<br />
              java.base/java.lang.reflect.Method.invoke(Method.java:564)<br />
              org.testng.internal.MethodInvocationHelper.invokeMethod(MethodInvocationHelper.java:108)<br />
              org.testng.internal.Invoker.invokeConfigurationMethod(Invoker.java:523)<br />
              org.testng.internal.Invoker.invokeConfigurations(Invoker.java:224)<br />
              org.testng.internal.Invoker.invokeMethod(Invoker.java:723)<br />
              org.testng.internal.Invoker.invokeTestMethod(Invoker.java:869)<br />
              org.testng.internal.TestMethodWithDataProviderMethodWorker.call(TestMethodWithDataProviderMethodWorker.java:75)<br />
              org.testng.internal.TestMethodWithDataProviderMethodWorker.call(TestMethodWithDataProviderMethodWorker.java:14)<br />
              java.base/java.util.concurrent.FutureTask.run(FutureTask.java:264)<br />
              java.base/java.util.concurrent.Executors$RunnableAdapter.call(Executors.java:515)<br />
              java.base/java.util.concurrent.FutureTask.run(FutureTask.java:264)<br />
              java.base/java.util.concurrent.ThreadPoolExecutor.runWorker(ThreadPoolExecutor.java:1130)<br />
              java.base/java.util.concurrent.ThreadPoolExecutor$Worker.run(ThreadPoolExecutor.java:630)<br />
              java.base/java.lang.Thread.run(Thread.java:832)<br />
                </div>
      </td>
</tr>
    
          <tr><td colspan="3">&nbsp;</td></tr>
      <tr><td colspan="3" class="header skippedConfig">Skipped Configuration</td></tr>
                    <tr>
          <td colspan="3" class="group">test.functionaltests.TestSearchPerUserInParallel</td>
        </tr>
                
<tr>
  <td class="method">
                  afterTest
      </td>
  <td class="duration">
    0.000s
  </td>
  <td class="result">
                               
    
        

      </td>
</tr>
            </table>


  <table class="resultsTable">
    <tr><th colspan="3" class="header failed">Failed Tests</th></tr>
          <tr>
        <td colspan="3" class="group">test.functionaltests.TestSearchPerUserInParallel</td>
      </tr>
            
<tr>
  <td class="method">
                  validateAllSearches
      </td>
  <td class="duration">
    0.046s
  </td>
  <td class="result">
        
          <i>Method arguments: </i><span class="arguments">{missingClient_isEditable=No, search_isEditable=No, Password=Password4, UserName=finance_read_only}, org.testng.TestRunner@14acd7, public void test.functionaltests.TestSearchPerUserInParallel.validateAllSearches(java.util.Hashtable,org.testng.ITestContext,java.lang.reflect.Method) throws java.lang.Exception</span><br />
    
        

        <a href="javascript:toggleElement('exception-1', 'block')" title="Click to expand/collapse"><b>java.lang.Error: Unresolved compilation problem: <br/>
	TestTemplate cannot be resolved<br/>
</b></a><br />
    <div class="stackTrace" id="exception-1">
              com.testreport.ExtentReporter.takeScreenShot(ExtentReporter.java:296)<br />
              com.testreport.ExtentReporter.logException(ExtentReporter.java:237)<br />
              test.functionaltests.TestSearchPerUserInParallel.validateAllSearches(TestSearchPerUserInParallel.java:59)<br />
              java.base/jdk.internal.reflect.NativeMethodAccessorImpl.invoke0(Native Method)<br />
              java.base/jdk.internal.reflect.NativeMethodAccessorImpl.invoke(NativeMethodAccessorImpl.java:64)<br />
              java.base/jdk.internal.reflect.DelegatingMethodAccessorImpl.invoke(DelegatingMethodAccessorImpl.java:43)<br />
              java.base/java.lang.reflect.Method.invoke(Method.java:564)<br />
              org.testng.internal.MethodInvocationHelper.invokeMethod(MethodInvocationHelper.java:108)<br />
              org.testng.internal.Invoker.invokeMethod(Invoker.java:661)<br />
              org.testng.internal.Invoker.invokeTestMethod(Invoker.java:869)<br />
              org.testng.internal.TestMethodWithDataProviderMethodWorker.call(TestMethodWithDataProviderMethodWorker.java:75)<br />
              org.testng.internal.TestMethodWithDataProviderMethodWorker.call(TestMethodWithDataProviderMethodWorker.java:14)<br />
              java.base/java.util.concurrent.FutureTask.run(FutureTask.java:264)<br />
              java.base/java.util.concurrent.Executors$RunnableAdapter.call(Executors.java:515)<br />
              java.base/java.util.concurrent.FutureTask.run(FutureTask.java:264)<br />
              java.base/java.util.concurrent.ThreadPoolExecutor.runWorker(ThreadPoolExecutor.java:1130)<br />
              java.base/java.util.concurrent.ThreadPoolExecutor$Worker.run(ThreadPoolExecutor.java:630)<br />
              java.base/java.lang.Thread.run(Thread.java:832)<br />
                </div>
      </td>
</tr>
<tr>
  <td class="method">
                  validateAllSearches
      </td>
  <td class="duration">
    0.038s
  </td>
  <td class="result">
        
          <i>Method arguments: </i><span class="arguments">{missingClient_isEditable=Yes, search_isEditable=No, Password=Password3, UserName=ar_team_4}, org.testng.TestRunner@14acd7, public void test.functionaltests.TestSearchPerUserInParallel.validateAllSearches(java.util.Hashtable,org.testng.ITestContext,java.lang.reflect.Method) throws java.lang.Exception</span><br />
    
        

        <a href="javascript:toggleElement('exception-2', 'block')" title="Click to expand/collapse"><b>java.lang.Error: Unresolved compilation problem: <br/>
	TestTemplate cannot be resolved<br/>
</b></a><br />
    <div class="stackTrace" id="exception-2">
              com.testreport.ExtentReporter.takeScreenShot(ExtentReporter.java:296)<br />
              com.testreport.ExtentReporter.logException(ExtentReporter.java:237)<br />
              test.functionaltests.TestSearchPerUserInParallel.validateAllSearches(TestSearchPerUserInParallel.java:59)<br />
              java.base/jdk.internal.reflect.NativeMethodAccessorImpl.invoke0(Native Method)<br />
              java.base/jdk.internal.reflect.NativeMethodAccessorImpl.invoke(NativeMethodAccessorImpl.java:64)<br />
              java.base/jdk.internal.reflect.DelegatingMethodAccessorImpl.invoke(DelegatingMethodAccessorImpl.java:43)<br />
              java.base/java.lang.reflect.Method.invoke(Method.java:564)<br />
              org.testng.internal.MethodInvocationHelper.invokeMethod(MethodInvocationHelper.java:108)<br />
              org.testng.internal.Invoker.invokeMethod(Invoker.java:661)<br />
              org.testng.internal.Invoker.invokeTestMethod(Invoker.java:869)<br />
              org.testng.internal.TestMethodWithDataProviderMethodWorker.call(TestMethodWithDataProviderMethodWorker.java:75)<br />
              org.testng.internal.TestMethodWithDataProviderMethodWorker.call(TestMethodWithDataProviderMethodWorker.java:14)<br />
              java.base/java.util.concurrent.FutureTask.run(FutureTask.java:264)<br />
              java.base/java.util.concurrent.Executors$RunnableAdapter.call(Executors.java:515)<br />
              java.base/java.util.concurrent.FutureTask.run(FutureTask.java:264)<br />
              java.base/java.util.concurrent.ThreadPoolExecutor.runWorker(ThreadPoolExecutor.java:1130)<br />
              java.base/java.util.concurrent.ThreadPoolExecutor$Worker.run(ThreadPoolExecutor.java:630)<br />
              java.base/java.lang.Thread.run(Thread.java:832)<br />
                </div>
      </td>
</tr>
      </table>


  
</body>
</html>
