<?xml version="1.0" encoding="UTF-8"?>
<!-- Generated by org.testng.reporters.JUnitXMLReporter -->
<testsuite ignored="0" hostname="LAPTOP-32682UQ2" failures="2" tests="2" name="DEVENV_SearchPerUserInParallel" time="1.163" errors="0" timestamp="15 Apr 2021 08:15:06 GMT">
  <testcase classname="test.templates.TestTemplate" name="@AfterMethod afterMethod" time="0.024">
    <failure type="java.lang.Error" message="Unresolved compilation problem: 
	TestTemplate cannot be resolved
">
      <![CDATA[java.lang.Error: Unresolved compilation problem: 
	TestTemplate cannot be resolved

	at com.testreport.ExtentReporter.takeScreenShot(ExtentReporter.java:296)
	at com.testreport.ExtentReporter.logFailure(ExtentReporter.java:165)
	at aut.pages.templates.PageTemplate.logout(PageTemplate.java:175)
	at test.templates.TestTemplate.afterMethod(TestTemplate.java:178)
	at java.base/java.util.concurrent.FutureTask.run(FutureTask.java:264)
	at java.base/java.util.concurrent.Executors$RunnableAdapter.call(Executors.java:515)
	at java.base/java.util.concurrent.FutureTask.run(FutureTask.java:264)
	at java.base/java.util.concurrent.ThreadPoolExecutor.runWorker(ThreadPoolExecutor.java:1130)
	at java.base/java.util.concurrent.ThreadPoolExecutor$Worker.run(ThreadPoolExecutor.java:630)
	at java.base/java.lang.Thread.run(Thread.java:832)
... Removed 11 stack frames]]>
    </failure>
  </testcase> <!-- @AfterMethod afterMethod -->
  <testcase classname="test.templates.TestTemplate" name="@AfterMethod afterMethod" time="0.027">
    <failure type="java.lang.Error" message="Unresolved compilation problem: 
	TestTemplate cannot be resolved
">
      <![CDATA[java.lang.Error: Unresolved compilation problem: 
	TestTemplate cannot be resolved

	at com.testreport.ExtentReporter.takeScreenShot(ExtentReporter.java:296)
	at com.testreport.ExtentReporter.logFailure(ExtentReporter.java:165)
	at aut.pages.templates.PageTemplate.logout(PageTemplate.java:175)
	at test.templates.TestTemplate.afterMethod(TestTemplate.java:178)
	at java.base/java.util.concurrent.FutureTask.run(FutureTask.java:264)
	at java.base/java.util.concurrent.Executors$RunnableAdapter.call(Executors.java:515)
	at java.base/java.util.concurrent.FutureTask.run(FutureTask.java:264)
	at java.base/java.util.concurrent.ThreadPoolExecutor.runWorker(ThreadPoolExecutor.java:1130)
	at java.base/java.util.concurrent.ThreadPoolExecutor$Worker.run(ThreadPoolExecutor.java:630)
	at java.base/java.lang.Thread.run(Thread.java:832)
... Removed 11 stack frames]]>
    </failure>
  </testcase> <!-- @AfterMethod afterMethod -->
  <testcase classname="test.templates.TestTemplate" name="@AfterTest afterTest" time="0.0">
    <skipped/>
  </testcase> <!-- @AfterTest afterTest -->
  <testcase classname="test.functionaltests.TestSearchPerUserInParallel" name="validateAllSearches" time="0.039">
    <failure type="java.lang.Error" message="Unresolved compilation problem: 
	TestTemplate cannot be resolved
">
      <![CDATA[java.lang.Error: Unresolved compilation problem: 
	TestTemplate cannot be resolved

	at com.testreport.ExtentReporter.takeScreenShot(ExtentReporter.java:296)
	at com.testreport.ExtentReporter.logException(ExtentReporter.java:237)
	at test.functionaltests.TestSearchPerUserInParallel.validateAllSearches(TestSearchPerUserInParallel.java:59)
	at java.base/java.util.concurrent.FutureTask.run(FutureTask.java:264)
	at java.base/java.util.concurrent.Executors$RunnableAdapter.call(Executors.java:515)
	at java.base/java.util.concurrent.FutureTask.run(FutureTask.java:264)
	at java.base/java.util.concurrent.ThreadPoolExecutor.runWorker(ThreadPoolExecutor.java:1130)
	at java.base/java.util.concurrent.ThreadPoolExecutor$Worker.run(ThreadPoolExecutor.java:630)
	at java.base/java.lang.Thread.run(Thread.java:832)
... Removed 9 stack frames]]>
    </failure>
  </testcase> <!-- validateAllSearches -->
  <testcase classname="test.functionaltests.TestSearchPerUserInParallel" name="validateAllSearches" time="0.041">
    <failure type="java.lang.Error" message="Unresolved compilation problem: 
	TestTemplate cannot be resolved
">
      <![CDATA[java.lang.Error: Unresolved compilation problem: 
	TestTemplate cannot be resolved

	at com.testreport.ExtentReporter.takeScreenShot(ExtentReporter.java:296)
	at com.testreport.ExtentReporter.logException(ExtentReporter.java:237)
	at test.functionaltests.TestSearchPerUserInParallel.validateAllSearches(TestSearchPerUserInParallel.java:59)
	at java.base/java.util.concurrent.FutureTask.run(FutureTask.java:264)
	at java.base/java.util.concurrent.Executors$RunnableAdapter.call(Executors.java:515)
	at java.base/java.util.concurrent.FutureTask.run(FutureTask.java:264)
	at java.base/java.util.concurrent.ThreadPoolExecutor.runWorker(ThreadPoolExecutor.java:1130)
	at java.base/java.util.concurrent.ThreadPoolExecutor$Worker.run(ThreadPoolExecutor.java:630)
	at java.base/java.lang.Thread.run(Thread.java:832)
... Removed 9 stack frames]]>
    </failure>
  </testcase> <!-- validateAllSearches -->
</testsuite> <!-- DEVENV_SearchPerUserInParallel -->
