<html>
<head>
<title>TestNG:  DEVENV_SearchPerUserInParallel</title>
<link href="../testng.css" rel="stylesheet" type="text/css" />
<link href="../my-testng.css" rel="stylesheet" type="text/css" />

<style type="text/css">
.log { display: none;} 
.stack-trace { display: none;} 
</style>
<script type="text/javascript">
<!--
function flip(e) {
  current = e.style.display;
  if (current == 'block') {
    e.style.display = 'none';
    return 0;
  }
  else {
    e.style.display = 'block';
    return 1;
  }
}

function toggleBox(szDivId, elem, msg1, msg2)
{
  var res = -1;  if (document.getElementById) {
    res = flip(document.getElementById(szDivId));
  }
  else if (document.all) {
    // this is the way old msie versions work
    res = flip(document.all[szDivId]);
  }
  if(elem) {
    if(res == 0) elem.innerHTML = msg1; else elem.innerHTML = msg2;
  }

}

function toggleAllBoxes() {
  if (document.getElementsByTagName) {
    d = document.getElementsByTagName('div');
    for (i = 0; i < d.length; i++) {
      if (d[i].className == 'log') {
        flip(d[i]);
      }
    }
  }
}

// -->
</script>

</head>
<body>
<h2 align='center'>DEVENV_SearchPerUserInParallel</h2><table border='1' align="center">
<tr>
<td>Tests passed/Failed/Skipped:</td><td>0/2/0</td>
</tr><tr>
<td>Started on:</td><td>Thu Apr 15 13:45:04 IST 2021</td>
</tr>
<tr><td>Total time:</td><td>1 seconds (1163 ms)</td>
</tr><tr>
<td>Included groups:</td><td></td>
</tr><tr>
<td>Excluded groups:</td><td></td>
</tr>
</table><p/>
<small><i>(Hover the method name to see the test class name)</i></small><p/>
<table width='100%' border='1' class='invocation-failed'>
<tr><td colspan='4' align='center'><b>FAILED CONFIGURATIONS</b></td></tr>
<tr><td><b>Test method</b></td>
<td width="30%"><b>Exception</b></td>
<td width="10%"><b>Time (seconds)</b></td>
<td><b>Instance</b></td>
</tr>
<tr>
<td title='test.functionaltests.TestSearchPerUserInParallel.afterMethod()'><b>afterMethod</b><br>Test class: test.functionaltests.TestSearchPerUserInParallel<br>Parameters: org.testng.TestRunner@77b94c63, [TestResult name=validateAllSearches status=FAILURE method=TestSearchPerUserInParallel.validateAllSearches(java.util.Hashtable, org.testng.ITestContext, java.lang.reflect.Method)[pri:0, instance:test.functionaltests.TestSearchPerUserInParallel@394a2528] output={null}], public void test.functionaltests.TestSearchPerUserInParallel.validateAllSearches(java.util.Hashtable,org.testng.ITestContext,java.lang.reflect.Method) throws java.lang.Exception</td>
<td><div><pre>java.lang.Error: Unresolved compilation problem: 
	TestTemplate cannot be resolved

	at com.testreport.ExtentReporter.takeScreenShot(ExtentReporter.java:296)
	at com.testreport.ExtentReporter.logFailure(ExtentReporter.java:165)
	at aut.pages.templates.PageTemplate.logout(PageTemplate.java:175)
	at test.templates.TestTemplate.afterMethod(TestTemplate.java:178)
	at java.base/java.util.concurrent.FutureTask.run(FutureTask.java:264)
	at java.base/java.util.concurrent.Executors$RunnableAdapter.call(Executors.java:515)
	at java.base/java.util.concurrent.FutureTask.run(FutureTask.java:264)
	at java.base/java.util.concurrent.ThreadPoolExecutor.runWorker(ThreadPoolExecutor.java:1130)
	at java.base/java.util.concurrent.ThreadPoolExecutor$Worker.run(ThreadPoolExecutor.java:630)
	at java.base/java.lang.Thread.run(Thread.java:832)
... Removed 11 stack frames</pre></div><a href='#' onClick='toggleBox("stack-trace1259937496", this, "Click to show all stack frames", "Click to hide stack frames")'>Click to show all stack frames</a>
<div class='stack-trace' id='stack-trace1259937496'><pre>java.lang.Error: Unresolved compilation problem: 
	TestTemplate cannot be resolved

	at com.testreport.ExtentReporter.takeScreenShot(ExtentReporter.java:296)
	at com.testreport.ExtentReporter.logFailure(ExtentReporter.java:165)
	at aut.pages.templates.PageTemplate.logout(PageTemplate.java:175)
	at test.templates.TestTemplate.afterMethod(TestTemplate.java:178)
	at java.base/jdk.internal.reflect.NativeMethodAccessorImpl.invoke0(Native Method)
	at java.base/jdk.internal.reflect.NativeMethodAccessorImpl.invoke(NativeMethodAccessorImpl.java:64)
	at java.base/jdk.internal.reflect.DelegatingMethodAccessorImpl.invoke(DelegatingMethodAccessorImpl.java:43)
	at java.base/java.lang.reflect.Method.invoke(Method.java:564)
	at org.testng.internal.MethodInvocationHelper.invokeMethod(MethodInvocationHelper.java:108)
	at org.testng.internal.Invoker.invokeConfigurationMethod(Invoker.java:523)
	at org.testng.internal.Invoker.invokeConfigurations(Invoker.java:224)
	at org.testng.internal.Invoker.invokeMethod(Invoker.java:723)
	at org.testng.internal.Invoker.invokeTestMethod(Invoker.java:869)
	at org.testng.internal.TestMethodWithDataProviderMethodWorker.call(TestMethodWithDataProviderMethodWorker.java:75)
	at org.testng.internal.TestMethodWithDataProviderMethodWorker.call(TestMethodWithDataProviderMethodWorker.java:14)
	at java.base/java.util.concurrent.FutureTask.run(FutureTask.java:264)
	at java.base/java.util.concurrent.Executors$RunnableAdapter.call(Executors.java:515)
	at java.base/java.util.concurrent.FutureTask.run(FutureTask.java:264)
	at java.base/java.util.concurrent.ThreadPoolExecutor.runWorker(ThreadPoolExecutor.java:1130)
	at java.base/java.util.concurrent.ThreadPoolExecutor$Worker.run(ThreadPoolExecutor.java:630)
	at java.base/java.lang.Thread.run(Thread.java:832)
</pre></div></td>
<td>0</td>
<td>test.functionaltests.TestSearchPerUserInParallel@394a2528</td></tr>
<tr>
<td title='test.functionaltests.TestSearchPerUserInParallel.afterMethod()'><b>afterMethod</b><br>Test class: test.functionaltests.TestSearchPerUserInParallel<br>Parameters: org.testng.TestRunner@77b94c63, [TestResult name=validateAllSearches status=FAILURE method=TestSearchPerUserInParallel.validateAllSearches(java.util.Hashtable, org.testng.ITestContext, java.lang.reflect.Method)[pri:0, instance:test.functionaltests.TestSearchPerUserInParallel@394a2528] output={null}], public void test.functionaltests.TestSearchPerUserInParallel.validateAllSearches(java.util.Hashtable,org.testng.ITestContext,java.lang.reflect.Method) throws java.lang.Exception</td>
<td><div><pre>java.lang.Error: Unresolved compilation problem: 
	TestTemplate cannot be resolved

	at com.testreport.ExtentReporter.takeScreenShot(ExtentReporter.java:296)
	at com.testreport.ExtentReporter.logFailure(ExtentReporter.java:165)
	at aut.pages.templates.PageTemplate.logout(PageTemplate.java:175)
	at test.templates.TestTemplate.afterMethod(TestTemplate.java:178)
	at java.base/java.util.concurrent.FutureTask.run(FutureTask.java:264)
	at java.base/java.util.concurrent.Executors$RunnableAdapter.call(Executors.java:515)
	at java.base/java.util.concurrent.FutureTask.run(FutureTask.java:264)
	at java.base/java.util.concurrent.ThreadPoolExecutor.runWorker(ThreadPoolExecutor.java:1130)
	at java.base/java.util.concurrent.ThreadPoolExecutor$Worker.run(ThreadPoolExecutor.java:630)
	at java.base/java.lang.Thread.run(Thread.java:832)
... Removed 11 stack frames</pre></div><a href='#' onClick='toggleBox("stack-trace1125484072", this, "Click to show all stack frames", "Click to hide stack frames")'>Click to show all stack frames</a>
<div class='stack-trace' id='stack-trace1125484072'><pre>java.lang.Error: Unresolved compilation problem: 
	TestTemplate cannot be resolved

	at com.testreport.ExtentReporter.takeScreenShot(ExtentReporter.java:296)
	at com.testreport.ExtentReporter.logFailure(ExtentReporter.java:165)
	at aut.pages.templates.PageTemplate.logout(PageTemplate.java:175)
	at test.templates.TestTemplate.afterMethod(TestTemplate.java:178)
	at java.base/jdk.internal.reflect.NativeMethodAccessorImpl.invoke0(Native Method)
	at java.base/jdk.internal.reflect.NativeMethodAccessorImpl.invoke(NativeMethodAccessorImpl.java:64)
	at java.base/jdk.internal.reflect.DelegatingMethodAccessorImpl.invoke(DelegatingMethodAccessorImpl.java:43)
	at java.base/java.lang.reflect.Method.invoke(Method.java:564)
	at org.testng.internal.MethodInvocationHelper.invokeMethod(MethodInvocationHelper.java:108)
	at org.testng.internal.Invoker.invokeConfigurationMethod(Invoker.java:523)
	at org.testng.internal.Invoker.invokeConfigurations(Invoker.java:224)
	at org.testng.internal.Invoker.invokeMethod(Invoker.java:723)
	at org.testng.internal.Invoker.invokeTestMethod(Invoker.java:869)
	at org.testng.internal.TestMethodWithDataProviderMethodWorker.call(TestMethodWithDataProviderMethodWorker.java:75)
	at org.testng.internal.TestMethodWithDataProviderMethodWorker.call(TestMethodWithDataProviderMethodWorker.java:14)
	at java.base/java.util.concurrent.FutureTask.run(FutureTask.java:264)
	at java.base/java.util.concurrent.Executors$RunnableAdapter.call(Executors.java:515)
	at java.base/java.util.concurrent.FutureTask.run(FutureTask.java:264)
	at java.base/java.util.concurrent.ThreadPoolExecutor.runWorker(ThreadPoolExecutor.java:1130)
	at java.base/java.util.concurrent.ThreadPoolExecutor$Worker.run(ThreadPoolExecutor.java:630)
	at java.base/java.lang.Thread.run(Thread.java:832)
</pre></div></td>
<td>0</td>
<td>test.functionaltests.TestSearchPerUserInParallel@394a2528</td></tr>
</table><p>
<table width='100%' border='1' class='invocation-skipped'>
<tr><td colspan='4' align='center'><b>SKIPPED CONFIGURATIONS</b></td></tr>
<tr><td><b>Test method</b></td>
<td width="30%"><b>Exception</b></td>
<td width="10%"><b>Time (seconds)</b></td>
<td><b>Instance</b></td>
</tr>
<tr>
<td title='test.functionaltests.TestSearchPerUserInParallel.afterTest()'><b>afterTest</b><br>Test class: test.functionaltests.TestSearchPerUserInParallel</td>
<td></td>
<td>0</td>
<td>test.functionaltests.TestSearchPerUserInParallel@394a2528</td></tr>
</table><p>
<table width='100%' border='1' class='invocation-failed'>
<tr><td colspan='4' align='center'><b>FAILED TESTS</b></td></tr>
<tr><td><b>Test method</b></td>
<td width="30%"><b>Exception</b></td>
<td width="10%"><b>Time (seconds)</b></td>
<td><b>Instance</b></td>
</tr>
<tr>
<td title='test.functionaltests.TestSearchPerUserInParallel.validateAllSearches()'><b>validateAllSearches</b><br>Test class: test.functionaltests.TestSearchPerUserInParallel<br>Parameters: {missingClient_isEditable=Yes, search_isEditable=No, Password=Password3, UserName=ar_team_4}, org.testng.TestRunner@77b94c63, public void test.functionaltests.TestSearchPerUserInParallel.validateAllSearches(java.util.Hashtable,org.testng.ITestContext,java.lang.reflect.Method) throws java.lang.Exception</td>
<td><div><pre>java.lang.Error: Unresolved compilation problem: 
	TestTemplate cannot be resolved

	at com.testreport.ExtentReporter.takeScreenShot(ExtentReporter.java:296)
	at com.testreport.ExtentReporter.logException(ExtentReporter.java:237)
	at test.functionaltests.TestSearchPerUserInParallel.validateAllSearches(TestSearchPerUserInParallel.java:59)
	at java.base/java.util.concurrent.FutureTask.run(FutureTask.java:264)
	at java.base/java.util.concurrent.Executors$RunnableAdapter.call(Executors.java:515)
	at java.base/java.util.concurrent.FutureTask.run(FutureTask.java:264)
	at java.base/java.util.concurrent.ThreadPoolExecutor.runWorker(ThreadPoolExecutor.java:1130)
	at java.base/java.util.concurrent.ThreadPoolExecutor$Worker.run(ThreadPoolExecutor.java:630)
	at java.base/java.lang.Thread.run(Thread.java:832)
... Removed 9 stack frames</pre></div><a href='#' onClick='toggleBox("stack-trace1725305600", this, "Click to show all stack frames", "Click to hide stack frames")'>Click to show all stack frames</a>
<div class='stack-trace' id='stack-trace1725305600'><pre>java.lang.Error: Unresolved compilation problem: 
	TestTemplate cannot be resolved

	at com.testreport.ExtentReporter.takeScreenShot(ExtentReporter.java:296)
	at com.testreport.ExtentReporter.logException(ExtentReporter.java:237)
	at test.functionaltests.TestSearchPerUserInParallel.validateAllSearches(TestSearchPerUserInParallel.java:59)
	at java.base/jdk.internal.reflect.NativeMethodAccessorImpl.invoke0(Native Method)
	at java.base/jdk.internal.reflect.NativeMethodAccessorImpl.invoke(NativeMethodAccessorImpl.java:64)
	at java.base/jdk.internal.reflect.DelegatingMethodAccessorImpl.invoke(DelegatingMethodAccessorImpl.java:43)
	at java.base/java.lang.reflect.Method.invoke(Method.java:564)
	at org.testng.internal.MethodInvocationHelper.invokeMethod(MethodInvocationHelper.java:108)
	at org.testng.internal.Invoker.invokeMethod(Invoker.java:661)
	at org.testng.internal.Invoker.invokeTestMethod(Invoker.java:869)
	at org.testng.internal.TestMethodWithDataProviderMethodWorker.call(TestMethodWithDataProviderMethodWorker.java:75)
	at org.testng.internal.TestMethodWithDataProviderMethodWorker.call(TestMethodWithDataProviderMethodWorker.java:14)
	at java.base/java.util.concurrent.FutureTask.run(FutureTask.java:264)
	at java.base/java.util.concurrent.Executors$RunnableAdapter.call(Executors.java:515)
	at java.base/java.util.concurrent.FutureTask.run(FutureTask.java:264)
	at java.base/java.util.concurrent.ThreadPoolExecutor.runWorker(ThreadPoolExecutor.java:1130)
	at java.base/java.util.concurrent.ThreadPoolExecutor$Worker.run(ThreadPoolExecutor.java:630)
	at java.base/java.lang.Thread.run(Thread.java:832)
</pre></div></td>
<td>0</td>
<td>test.functionaltests.TestSearchPerUserInParallel@394a2528</td></tr>
<tr>
<td title='test.functionaltests.TestSearchPerUserInParallel.validateAllSearches()'><b>validateAllSearches</b><br>Test class: test.functionaltests.TestSearchPerUserInParallel<br>Parameters: {missingClient_isEditable=No, search_isEditable=No, Password=Password4, UserName=finance_read_only}, org.testng.TestRunner@77b94c63, public void test.functionaltests.TestSearchPerUserInParallel.validateAllSearches(java.util.Hashtable,org.testng.ITestContext,java.lang.reflect.Method) throws java.lang.Exception</td>
<td><div><pre>java.lang.Error: Unresolved compilation problem: 
	TestTemplate cannot be resolved

	at com.testreport.ExtentReporter.takeScreenShot(ExtentReporter.java:296)
	at com.testreport.ExtentReporter.logException(ExtentReporter.java:237)
	at test.functionaltests.TestSearchPerUserInParallel.validateAllSearches(TestSearchPerUserInParallel.java:59)
	at java.base/java.util.concurrent.FutureTask.run(FutureTask.java:264)
	at java.base/java.util.concurrent.Executors$RunnableAdapter.call(Executors.java:515)
	at java.base/java.util.concurrent.FutureTask.run(FutureTask.java:264)
	at java.base/java.util.concurrent.ThreadPoolExecutor.runWorker(ThreadPoolExecutor.java:1130)
	at java.base/java.util.concurrent.ThreadPoolExecutor$Worker.run(ThreadPoolExecutor.java:630)
	at java.base/java.lang.Thread.run(Thread.java:832)
... Removed 9 stack frames</pre></div><a href='#' onClick='toggleBox("stack-trace1653869716", this, "Click to show all stack frames", "Click to hide stack frames")'>Click to show all stack frames</a>
<div class='stack-trace' id='stack-trace1653869716'><pre>java.lang.Error: Unresolved compilation problem: 
	TestTemplate cannot be resolved

	at com.testreport.ExtentReporter.takeScreenShot(ExtentReporter.java:296)
	at com.testreport.ExtentReporter.logException(ExtentReporter.java:237)
	at test.functionaltests.TestSearchPerUserInParallel.validateAllSearches(TestSearchPerUserInParallel.java:59)
	at java.base/jdk.internal.reflect.NativeMethodAccessorImpl.invoke0(Native Method)
	at java.base/jdk.internal.reflect.NativeMethodAccessorImpl.invoke(NativeMethodAccessorImpl.java:64)
	at java.base/jdk.internal.reflect.DelegatingMethodAccessorImpl.invoke(DelegatingMethodAccessorImpl.java:43)
	at java.base/java.lang.reflect.Method.invoke(Method.java:564)
	at org.testng.internal.MethodInvocationHelper.invokeMethod(MethodInvocationHelper.java:108)
	at org.testng.internal.Invoker.invokeMethod(Invoker.java:661)
	at org.testng.internal.Invoker.invokeTestMethod(Invoker.java:869)
	at org.testng.internal.TestMethodWithDataProviderMethodWorker.call(TestMethodWithDataProviderMethodWorker.java:75)
	at org.testng.internal.TestMethodWithDataProviderMethodWorker.call(TestMethodWithDataProviderMethodWorker.java:14)
	at java.base/java.util.concurrent.FutureTask.run(FutureTask.java:264)
	at java.base/java.util.concurrent.Executors$RunnableAdapter.call(Executors.java:515)
	at java.base/java.util.concurrent.FutureTask.run(FutureTask.java:264)
	at java.base/java.util.concurrent.ThreadPoolExecutor.runWorker(ThreadPoolExecutor.java:1130)
	at java.base/java.util.concurrent.ThreadPoolExecutor$Worker.run(ThreadPoolExecutor.java:630)
	at java.base/java.lang.Thread.run(Thread.java:832)
</pre></div></td>
<td>0</td>
<td>test.functionaltests.TestSearchPerUserInParallel@394a2528</td></tr>
</table><p>
</body>
</html>